<?xml version="1.0" encoding="UTF-8"?>
<!-- Generated by org.testng.reporters.JUnitReportReporter -->
<testsuite skipped="0" hostname="DESKTOP-RTQHL3J" name="com.testcases.LoginPageTest" tests="3" failures="0" timestamp="2022-03-22T10:58:00 IST" time="82.733" errors="0">
  <testcase name="validateTitleTest" time="22.252" classname="com.testcases.LoginPageTest"/>
  <system-out/>
  <testcase name="ValidorInvalidMobileNoTest" time="30.223" classname="com.testcases.LoginPageTest"/>
  <system-out/>
  <testcase name="ValidorInvalidMobileNoTest" time="30.258" classname="com.testcases.LoginPageTest"/>
  <system-out/>
</testsuite> <!-- com.testcases.LoginPageTest -->
